<?xml version="1.0" encoding="utf-8"?>
<coverage line-rate="1" branch-rate="1" version="1.9" timestamp="1767803709" lines-covered="12" lines-valid="12" branches-covered="2" branches-valid="2">
  <sources>
    <source>/</source>
  </sources>
  <packages>
    <package name="Bounteous.Data.PostgreSQL" line-rate="1" branch-rate="1" complexity="3">
      <classes>
        <class name="Bounteous.Data.PostgreSQL.PostgresDbContextFactory`1" filename="Users/greg/Projects/bounteous/github/Bounteous.Data.PostgreSQL/src/Bounteous.Data.PostgreSQL/PostgresDbContextFactory.cs" line-rate="1" branch-rate="1" complexity="3">
          <methods>
            <method name="ApplyOptions" signature="(System.Boolean)" line-rate="1" branch-rate="1" complexity="2">
              <lines>
                <line number="13" hits="5" branch="False" />
                <line number="14" hits="5" branch="False" />
                <line number="16" hits="5" branch="True" condition-coverage="100% (2/2)">
                  <conditions>
                    <condition number="35" type="jump" coverage="100%" />
                  </conditions>
                </line>
                <line number="17" hits="15" branch="False" />
                <line number="18" hits="5" branch="False" />
                <line number="19" hits="5" branch="False" />
                <line number="20" hits="5" branch="False" />
                <line number="21" hits="5" branch="False" />
                <line number="22" hits="5" branch="False" />
              </lines>
            </method>
            <method name=".ctor" signature="(Bounteous.Data.IConnectionBuilder,Bounteous.Data.IDbContextObserver)" line-rate="1" branch-rate="1" complexity="1">
              <lines>
                <line number="8" hits="6" branch="False" />
                <line number="9" hits="6" branch="False" />
                <line number="10" hits="6" branch="False" />
              </lines>
            </method>
          </methods>
          <lines>
            <line number="13" hits="5" branch="False" />
            <line number="14" hits="5" branch="False" />
            <line number="16" hits="5" branch="True" condition-coverage="100% (2/2)">
              <conditions>
                <condition number="35" type="jump" coverage="100%" />
              </conditions>
            </line>
            <line number="17" hits="15" branch="False" />
            <line number="18" hits="5" branch="False" />
            <line number="19" hits="5" branch="False" />
            <line number="20" hits="5" branch="False" />
            <line number="21" hits="5" branch="False" />
            <line number="22" hits="5" branch="False" />
            <line number="8" hits="6" branch="False" />
            <line number="9" hits="6" branch="False" />
            <line number="10" hits="6" branch="False" />
          </lines>
        </class>
      </classes>
    </package>
  </packages>
</coverage>